<?xml version="1.0" encoding="utf-8"?><testsuites name="pytest tests"><testsuite name="pytest" errors="0" failures="0" skipped="0" tests="16" time="23.393" timestamp="2026-04-22T15:24:58.311507-04:00" hostname="obdspy"><testcase classname="layer1_core.test_fault_injection" name="test_fault_faulted_then_clear" time="0.139" /><testcase classname="layer1_core.test_heartbeat" name="test_trigger_heartbeat_produces_frame" time="0.857" /><testcase classname="layer1_core.test_heartbeat" name="test_heartbeat_is_persisted" time="0.071" /><testcase classname="layer1_core.test_heartbeat" name="test_heartbeat_interval_patch" time="1.440" /><testcase classname="layer1_core.test_metervalues_units" name="test_3ph_power_sum_and_voltage" time="6.733" /><testcase classname="layer1_core.test_session_full" name="test_full_cycle" time="3.677" /><testcase classname="layer1_core.test_smoke" name="test_api_reachable" time="0.070" /><testcase classname="layer1_core.test_smoke" name="test_sim_reachable" time="0.062" /><testcase classname="layer1_core.test_smoke" name="test_db_readable" time="0.012" /><testcase classname="layer1_core.test_smoke" name="test_sim_online_per_server" time="0.050" /><testcase classname="layer2_power.test_clear_profile" name="test_clear_profile_expires_snapshot" time="0.219" /><testcase classname="layer2_power.test_clear_profile" name="test_reapply_after_clear_resets_expired" time="0.535" /><testcase classname="layer2_power.test_set_power_limit" name="test_set_power_limit_over_max_rejected" time="0.111" /><testcase classname="layer2_power.test_set_power_limit" name="test_set_power_limit_applied_to_sim" time="6.061" /><testcase classname="layer2_power.test_set_profile" name="test_set_profile_persists_snapshot" time="0.927" /><testcase classname="layer2_power.test_set_profile" name="test_profile_ramp_upserts" time="2.281" /></testsuite></testsuites>