<?xml version="1.0" encoding="utf-8"?><testsuites name="pytest tests"><testsuite name="pytest" errors="0" failures="1" skipped="0" tests="16" time="35.276" timestamp="2026-04-22T15:23:16.973580-04:00" hostname="obdspy"><testcase classname="layer1_core.test_fault_injection" name="test_fault_faulted_then_clear" time="0.243" /><testcase classname="layer1_core.test_heartbeat" name="test_trigger_heartbeat_produces_frame" time="0.913" /><testcase classname="layer1_core.test_heartbeat" name="test_heartbeat_is_persisted" time="0.072" /><testcase classname="layer1_core.test_heartbeat" name="test_heartbeat_interval_patch" time="1.398" /><testcase classname="layer1_core.test_metervalues_units" name="test_3ph_power_sum_and_voltage" time="7.109" /><testcase classname="layer1_core.test_session_full" name="test_full_cycle" time="3.696" /><testcase classname="layer1_core.test_smoke" name="test_api_reachable" time="0.060" /><testcase classname="layer1_core.test_smoke" name="test_sim_reachable" time="0.040" /><testcase classname="layer1_core.test_smoke" name="test_db_readable" time="0.007" /><testcase classname="layer1_core.test_smoke" name="test_sim_online_per_server" time="0.050" /><testcase classname="layer2_power.test_clear_profile" name="test_clear_profile_expires_snapshot" time="0.241" /><testcase classname="layer2_power.test_clear_profile" name="test_reapply_after_clear_resets_expired" time="0.550" /><testcase classname="layer2_power.test_set_power_limit" name="test_set_power_limit_over_max_rejected" time="0.165" /><testcase classname="layer2_power.test_set_power_limit" name="test_set_power_limit_applied_to_sim" time="17.101"><failure message="TimeoutError: Aucun snapshot limit=10 persisté (timeout=10s, dernier=None)">tests/layer2_power/test_set_power_limit.py:91: in test_set_power_limit_applied_to_sim
    snap = await wait_for(_snap10, timeout=10, message="Aucun snapshot limit=10 persisté")
           ^^^^^^^^^^^^^^^^^^^^^^^^^^^^^^^^^^^^^^^^^^^^^^^^^^^^^^^^^^^^^^^^^^^^^^^^^^^^^^^
tests/helpers/wait.py:38: in wait_for
    raise TimeoutError(f"{message} (timeout={timeout}s, dernier={last_value!r})")
E   TimeoutError: Aucun snapshot limit=10 persisté (timeout=10s, dernier=None)</failure></testcase><testcase classname="layer2_power.test_set_profile" name="test_set_profile_persists_snapshot" time="0.981" /><testcase classname="layer2_power.test_set_profile" name="test_profile_ramp_upserts" time="2.263" /></testsuite></testsuites>