<?xml version="1.0" encoding="utf-8"?><testsuites name="pytest tests"><testsuite name="pytest" errors="0" failures="0" skipped="0" tests="24" time="63.438" timestamp="2026-04-23T07:32:04.351229-04:00" hostname="obdspy"><testcase classname="layer1_core.test_fault_injection" name="test_fault_faulted_then_clear" time="0.809" /><testcase classname="layer1_core.test_heartbeat" name="test_trigger_heartbeat_produces_frame" time="0.814" /><testcase classname="layer1_core.test_heartbeat" name="test_heartbeat_is_persisted" time="0.065" /><testcase classname="layer1_core.test_heartbeat" name="test_heartbeat_interval_patch" time="1.385" /><testcase classname="layer1_core.test_metervalues_units" name="test_3ph_power_sum_and_voltage" time="7.359" /><testcase classname="layer1_core.test_session_full" name="test_full_cycle" time="4.348" /><testcase classname="layer1_core.test_smoke" name="test_api_reachable" time="0.052" /><testcase classname="layer1_core.test_smoke" name="test_sim_reachable" time="0.037" /><testcase classname="layer1_core.test_smoke" name="test_db_readable" time="0.006" /><testcase classname="layer1_core.test_smoke" name="test_sim_online_per_server" time="0.070" /><testcase classname="layer2_power.test_clear_profile" name="test_clear_profile_expires_snapshot" time="0.865" /><testcase classname="layer2_power.test_clear_profile" name="test_reapply_after_clear_resets_expired" time="1.446" /><testcase classname="layer2_power.test_set_power_limit" name="test_set_power_limit_over_max_rejected" time="0.904" /><testcase classname="layer2_power.test_set_power_limit" name="test_set_power_limit_applied_to_sim" time="5.495" /><testcase classname="layer2_power.test_set_profile" name="test_set_profile_persists_snapshot" time="1.630" /><testcase classname="layer2_power.test_set_profile" name="test_profile_ramp_upserts" time="2.974" /><testcase classname="layer3_commands.test_availability" name="test_change_availability_inoperative_then_operative" time="1.324" /><testcase classname="layer3_commands.test_availability" name="test_unlock_connector_not_plugged" time="1.020" /><testcase classname="layer3_commands.test_availability" name="test_change_availability_scheduled_during_charge" time="5.716" /><testcase classname="layer3_commands.test_remote_start_stop" name="test_remote_start_creates_transaction" time="7.432" /><testcase classname="layer3_commands.test_remote_start_stop" name="test_remote_stop_closes_transaction" time="7.559" /><testcase classname="layer3_commands.test_remote_start_stop" name="test_remote_stop_with_lock" time="10.232" /><testcase classname="layer3_commands.test_trigger" name="test_trigger_heartbeat" time="0.827" /><testcase classname="layer3_commands.test_trigger" name="test_trigger_status_notification" time="0.855" /></testsuite></testsuites>