<?xml version="1.0" encoding="utf-8"?><testsuites name="pytest tests"><testsuite name="pytest" errors="0" failures="0" skipped="0" tests="10" time="16.187" timestamp="2026-04-22T15:15:20.022314-04:00" hostname="obdspy"><testcase classname="layer1_core.test_fault_injection" name="test_fault_faulted_then_clear" time="0.299" /><testcase classname="layer1_core.test_heartbeat" name="test_trigger_heartbeat_produces_frame" time="0.887" /><testcase classname="layer1_core.test_heartbeat" name="test_heartbeat_is_persisted" time="0.069" /><testcase classname="layer1_core.test_heartbeat" name="test_heartbeat_interval_patch" time="1.382" /><testcase classname="layer1_core.test_metervalues_units" name="test_3ph_power_sum_and_voltage" time="9.639" /><testcase classname="layer1_core.test_session_full" name="test_full_cycle" time="3.553" /><testcase classname="layer1_core.test_smoke" name="test_api_reachable" time="0.052" /><testcase classname="layer1_core.test_smoke" name="test_sim_reachable" time="0.038" /><testcase classname="layer1_core.test_smoke" name="test_db_readable" time="0.006" /><testcase classname="layer1_core.test_smoke" name="test_sim_online_per_server" time="0.060" /></testsuite></testsuites>